<?xml version="1.0" encoding="UTF-8" ?>
<testsuites>
  <testsuite errors="0" failures="0" hostname="Spandanas-MacBook-Pro.local" id="0" name="BTreeFileDeleteTest" package="simpledb" skipped="0" tests="7" time="0.68" timestamp="2022-11-01T02:02:01">
      <properties>
[...]
</properties>

      <testcase classname="simpledb.BTreeFileDeleteTest" name="deleteTuple" time="0.019" />

      <testcase classname="simpledb.BTreeFileDeleteTest" name="testStealFromLeftLeafPage" time="0.008" />

      <testcase classname="simpledb.BTreeFileDeleteTest" name="testStealFromRightLeafPage" time="0.003" />

      <testcase classname="simpledb.BTreeFileDeleteTest" name="testMergeLeafPages" time="0.008" />

      <testcase classname="simpledb.BTreeFileDeleteTest" name="testMergeInternalPages" time="0.122" />

      <testcase classname="simpledb.BTreeFileDeleteTest" name="testStealFromLeftInternalPage" time="0.067" />

      <testcase classname="simpledb.BTreeFileDeleteTest" name="testStealFromRightInternalPage" time="0.07" />

      <system-out><![CDATA[]]></system-out>

      <system-err><![CDATA[]]></system-err>

  </testsuite>
  <testsuite errors="0" failures="0" hostname="Spandanas-MacBook-Pro.local" id="1" name="BTreeFileInsertTest" package="simpledb" skipped="0" tests="3" time="0.117" timestamp="2022-11-01T02:02:02">
      <properties>
[...]
</properties>

      <testcase classname="simpledb.BTreeFileInsertTest" name="testSplitLeafPages" time="0.018" />

      <testcase classname="simpledb.BTreeFileInsertTest" name="testSplitInternalPages" time="0.072" />

      <testcase classname="simpledb.BTreeFileInsertTest" name="testReusePage" time="0.004" />

      <system-out><![CDATA[]]></system-out>

      <system-err><![CDATA[]]></system-err>

  </testsuite>
  <testsuite errors="0" failures="0" hostname="Spandanas-MacBook-Pro.local" id="2" name="BTreeFileReadTest" package="simpledb" skipped="0" tests="7" time="0.075" timestamp="2022-11-01T02:02:02">
      <properties>
[...]
</properties>

      <testcase classname="simpledb.BTreeFileReadTest" name="getId" time="0.018" />

      <testcase classname="simpledb.BTreeFileReadTest" name="numPages" time="0.003" />

      <testcase classname="simpledb.BTreeFileReadTest" name="readPage" time="0.002" />

      <testcase classname="simpledb.BTreeFileReadTest" name="getTupleDesc" time="0.002" />

      <testcase classname="simpledb.BTreeFileReadTest" name="indexIterator" time="0.014" />

      <testcase classname="simpledb.BTreeFileReadTest" name="testIteratorBasic" time="0.004" />

      <testcase classname="simpledb.BTreeFileReadTest" name="testIteratorClose" time="0.008" />

      <system-out><![CDATA[]]></system-out>

      <system-err><![CDATA[]]></system-err>

  </testsuite>
  <testsuite errors="0" failures="0" hostname="Spandanas-MacBook-Pro.local" id="3" name="BTreeHeaderPageTest" package="simpledb" skipped="0" tests="10" time="0.037" timestamp="2022-11-01T02:02:03">
      <properties>
[...]
</properties>

      <testcase classname="simpledb.BTreeHeaderPageTest" name="getId" time="0.004" />

      <testcase classname="simpledb.BTreeHeaderPageTest" name="getSlot" time="0.001" />

      <testcase classname="simpledb.BTreeHeaderPageTest" name="numSlots" time="0.001" />

      <testcase classname="simpledb.BTreeHeaderPageTest" name="testDirty" time="0.0" />

      <testcase classname="simpledb.BTreeHeaderPageTest" name="getPrevPageId" time="0.001" />

      <testcase classname="simpledb.BTreeHeaderPageTest" name="getNextPageId" time="0.0" />

      <testcase classname="simpledb.BTreeHeaderPageTest" name="setPrevPageId" time="0.001" />

      <testcase classname="simpledb.BTreeHeaderPageTest" name="setNextPageId" time="0.0" />

      <testcase classname="simpledb.BTreeHeaderPageTest" name="getEmptySlot" time="0.001" />

      <testcase classname="simpledb.BTreeHeaderPageTest" name="getPageData" time="0.002" />

      <system-out><![CDATA[]]></system-out>

      <system-err><![CDATA[]]></system-err>

  </testsuite>
  <testsuite errors="0" failures="0" hostname="Spandanas-MacBook-Pro.local" id="4" name="BTreeInternalPageTest" package="simpledb" skipped="0" tests="11" time="0.068" timestamp="2022-11-01T02:02:03">
      <properties>
[...]
</properties>

      <testcase classname="simpledb.BTreeInternalPageTest" name="getId" time="0.004" />

      <testcase classname="simpledb.BTreeInternalPageTest" name="addEntry" time="0.029" />

      <testcase classname="simpledb.BTreeInternalPageTest" name="getSlot" time="0.0" />

      <testcase classname="simpledb.BTreeInternalPageTest" name="deleteEntry" time="0.001" />

      <testcase classname="simpledb.BTreeInternalPageTest" name="setParentId" time="0.0" />

      <testcase classname="simpledb.BTreeInternalPageTest" name="getParentId" time="0.0" />

      <testcase classname="simpledb.BTreeInternalPageTest" name="getNumEmptySlots" time="0.0" />

      <testcase classname="simpledb.BTreeInternalPageTest" name="testIterator" time="0.001" />

      <testcase classname="simpledb.BTreeInternalPageTest" name="testReverseIterator" time="0.001" />

      <testcase classname="simpledb.BTreeInternalPageTest" name="deleteNonexistentEntry" time="0.0" />

      <testcase classname="simpledb.BTreeInternalPageTest" name="testDirty" time="0.001" />

      <system-out><![CDATA[]]></system-out>

      <system-err><![CDATA[]]></system-err>

  </testsuite>
  <testsuite errors="0" failures="0" hostname="Spandanas-MacBook-Pro.local" id="5" name="BTreeLeafPageTest" package="simpledb" skipped="0" tests="14" time="0.055" timestamp="2022-11-01T02:02:03">
      <properties>
[...]
</properties>

      <testcase classname="simpledb.BTreeLeafPageTest" name="getId" time="0.006" />

      <testcase classname="simpledb.BTreeLeafPageTest" name="getSlot" time="0.002" />

      <testcase classname="simpledb.BTreeLeafPageTest" name="testDirty" time="0.001" />

      <testcase classname="simpledb.BTreeLeafPageTest" name="addTuple" time="0.017" />

      <testcase classname="simpledb.BTreeLeafPageTest" name="getParentId" time="0.001" />

      <testcase classname="simpledb.BTreeLeafPageTest" name="getLeftSiblingId" time="0.0" />

      <testcase classname="simpledb.BTreeLeafPageTest" name="getRightSiblingId" time="0.001" />

      <testcase classname="simpledb.BTreeLeafPageTest" name="setParentId" time="0.0" />

      <testcase classname="simpledb.BTreeLeafPageTest" name="setLeftSiblingId" time="0.001" />

      <testcase classname="simpledb.BTreeLeafPageTest" name="setRightSiblingId" time="0.0" />

      <testcase classname="simpledb.BTreeLeafPageTest" name="getNumEmptySlots" time="0.001" />

      <testcase classname="simpledb.BTreeLeafPageTest" name="deleteTuple" time="0.0" />

      <testcase classname="simpledb.BTreeLeafPageTest" name="testIterator" time="0.001" />

      <testcase classname="simpledb.BTreeLeafPageTest" name="deleteNonexistentTuple" time="0.001" />

      <system-out><![CDATA[]]></system-out>

      <system-err><![CDATA[]]></system-err>

  </testsuite>
  <testsuite errors="0" failures="0" hostname="Spandanas-MacBook-Pro.local" id="6" name="BTreePageIdTest" package="simpledb" skipped="0" tests="4" time="0.027" timestamp="2022-11-01T02:02:03">
      <properties>
[...]
</properties>

      <testcase classname="simpledb.BTreePageIdTest" name="equals" time="0.003" />

      <testcase classname="simpledb.BTreePageIdTest" name="getTableId" time="0.0" />

      <testcase classname="simpledb.BTreePageIdTest" name="pageno" time="0.0" />

      <testcase classname="simpledb.BTreePageIdTest" name="testHashCode" time="0.0" />

      <system-out><![CDATA[]]></system-out>

      <system-err><![CDATA[]]></system-err>

  </testsuite>
  <testsuite errors="0" failures="0" hostname="Spandanas-MacBook-Pro.local" id="7" name="BTreeRootPtrPageTest" package="simpledb" skipped="0" tests="6" time="0.029" timestamp="2022-11-01T02:02:03">
      <properties>
[...]
</properties>

      <testcase classname="simpledb.BTreeRootPtrPageTest" name="getId" time="0.004" />

      <testcase classname="simpledb.BTreeRootPtrPageTest" name="getRootId" time="0.0" />

      <testcase classname="simpledb.BTreeRootPtrPageTest" name="setRootId" time="0.0" />

      <testcase classname="simpledb.BTreeRootPtrPageTest" name="testDirty" time="0.001" />

      <testcase classname="simpledb.BTreeRootPtrPageTest" name="getHeaderId" time="0.0" />

      <testcase classname="simpledb.BTreeRootPtrPageTest" name="setHeaderId" time="0.0" />

      <system-out><![CDATA[]]></system-out>

      <system-err><![CDATA[]]></system-err>

  </testsuite>
  <testsuite errors="0" failures="0" hostname="Spandanas-MacBook-Pro.local" id="8" name="CatalogTest" package="simpledb" skipped="0" tests="5" time="0.028" timestamp="2022-11-01T02:02:03">
      <properties>
[...]
</properties>

      <testcase classname="simpledb.CatalogTest" name="getDatabaseFile" time="0.003" />

      <testcase classname="simpledb.CatalogTest" name="handleDuplicateNames" time="0.0" />

      <testcase classname="simpledb.CatalogTest" name="handleDuplicateIds" time="0.0" />

      <testcase classname="simpledb.CatalogTest" name="getTupleDesc" time="0.0" />

      <testcase classname="simpledb.CatalogTest" name="getTableId" time="0.001" />

      <system-out><![CDATA[]]></system-out>

      <system-err><![CDATA[]]></system-err>

  </testsuite>
  <testsuite errors="0" failures="0" hostname="Spandanas-MacBook-Pro.local" id="9" name="HeapFileReadTest" package="simpledb" skipped="0" tests="6" time="0.04" timestamp="2022-11-01T02:02:04">
      <properties>
[...]
</properties>

      <testcase classname="simpledb.HeapFileReadTest" name="getId" time="0.006" />

      <testcase classname="simpledb.HeapFileReadTest" name="numPages" time="0.0" />

      <testcase classname="simpledb.HeapFileReadTest" name="readPage" time="0.003" />

      <testcase classname="simpledb.HeapFileReadTest" name="getTupleDesc" time="0.001" />

      <testcase classname="simpledb.HeapFileReadTest" name="testIteratorBasic" time="0.002" />

      <testcase classname="simpledb.HeapFileReadTest" name="testIteratorClose" time="0.003" />

      <system-out><![CDATA[]]></system-out>

      <system-err><![CDATA[]]></system-err>

  </testsuite>
  <testsuite errors="0" failures="0" hostname="Spandanas-MacBook-Pro.local" id="10" name="HeapPageIdTest" package="simpledb" skipped="0" tests="4" time="0.026" timestamp="2022-11-01T02:02:04">
      <properties>
[...]
</properties>

      <testcase classname="simpledb.HeapPageIdTest" name="equals" time="0.003" />

      <testcase classname="simpledb.HeapPageIdTest" name="getTableId" time="0.0" />

      <testcase classname="simpledb.HeapPageIdTest" name="pageno" time="0.0" />

      <testcase classname="simpledb.HeapPageIdTest" name="testHashCode" time="0.0" />

      <system-out><![CDATA[]]></system-out>

      <system-err><![CDATA[]]></system-err>

  </testsuite>
  <testsuite errors="0" failures="0" hostname="Spandanas-MacBook-Pro.local" id="11" name="HeapPageReadTest" package="simpledb" skipped="0" tests="4" time="0.036" timestamp="2022-11-01T02:02:04">
      <properties>
[...]
</properties>

      <testcase classname="simpledb.HeapPageReadTest" name="getId" time="0.005" />

      <testcase classname="simpledb.HeapPageReadTest" name="getSlot" time="0.002" />

      <testcase classname="simpledb.HeapPageReadTest" name="getNumEmptySlots" time="0.001" />

      <testcase classname="simpledb.HeapPageReadTest" name="testIterator" time="0.0" />

      <system-out><![CDATA[]]></system-out>

      <system-err><![CDATA[]]></system-err>

  </testsuite>
  <testsuite errors="0" failures="0" hostname="Spandanas-MacBook-Pro.local" id="12" name="PredicateTest" package="simpledb" skipped="0" tests="1" time="0.028" timestamp="2022-11-01T02:02:04">
      <properties>
[...]
</properties>

      <testcase classname="simpledb.PredicateTest" name="filter" time="0.004" />

      <system-out><![CDATA[]]></system-out>

      <system-err><![CDATA[]]></system-err>

  </testsuite>
  <testsuite errors="0" failures="0" hostname="Spandanas-MacBook-Pro.local" id="13" name="RecordIdTest" package="simpledb" skipped="0" tests="4" time="0.033" timestamp="2022-11-01T02:02:04">
      <properties>
[...]
</properties>

      <testcase classname="simpledb.RecordIdTest" name="equals" time="0.004" />

      <testcase classname="simpledb.RecordIdTest" name="getPageId" time="0.0" />

      <testcase classname="simpledb.RecordIdTest" name="tupleno" time="0.0" />

      <testcase classname="simpledb.RecordIdTest" name="hCode" time="0.001" />

      <system-out><![CDATA[]]></system-out>

      <system-err><![CDATA[]]></system-err>

  </testsuite>
  <testsuite errors="0" failures="0" hostname="Spandanas-MacBook-Pro.local" id="14" name="TupleDescTest" package="simpledb" skipped="0" tests="6" time="0.091" timestamp="2022-11-01T02:02:05">
      <properties>
[...]
</properties>

      <testcase classname="simpledb.TupleDescTest" name="combine" time="0.005" />

      <testcase classname="simpledb.TupleDescTest" name="getType" time="0.0" />

      <testcase classname="simpledb.TupleDescTest" name="getSize" time="0.0" />

      <testcase classname="simpledb.TupleDescTest" name="numFields" time="0.001" />

      <testcase classname="simpledb.TupleDescTest" name="nameToId" time="0.02" />

      <testcase classname="simpledb.TupleDescTest" name="testEquals" time="0.001" />

      <system-out><![CDATA[]]></system-out>

      <system-err><![CDATA[]]></system-err>

  </testsuite>
  <testsuite errors="0" failures="0" hostname="Spandanas-MacBook-Pro.local" id="15" name="TupleTest" package="simpledb" skipped="0" tests="3" time="0.027" timestamp="2022-11-01T02:02:05">
      <properties>
[...]
</properties>

      <testcase classname="simpledb.TupleTest" name="getTupleDesc" time="0.004" />

      <testcase classname="simpledb.TupleTest" name="modifyFields" time="0.0" />

      <testcase classname="simpledb.TupleTest" name="modifyRecordId" time="0.0" />

      <system-out><![CDATA[]]></system-out>

      <system-err><![CDATA[]]></system-err>

  </testsuite>
  <testsuite errors="0" failures="0" hostname="Spandanas-MacBook-Pro.local" id="16" name="BTreeFileDeleteTest" package="simpledb.systemtest" skipped="0" tests="6" time="1.222" timestamp="2022-11-01T02:02:05">
      <properties>
[...]
</properties>

      <testcase classname="simpledb.systemtest.BTreeFileDeleteTest" name="testRedistributeLeafPages" time="0.028" />

      <testcase classname="simpledb.systemtest.BTreeFileDeleteTest" name="testMergeLeafPages" time="0.015" />

      <testcase classname="simpledb.systemtest.BTreeFileDeleteTest" name="testDeleteRootPage" time="0.008" />

      <testcase classname="simpledb.systemtest.BTreeFileDeleteTest" name="testReuseDeletedPages" time="0.03" />

      <testcase classname="simpledb.systemtest.BTreeFileDeleteTest" name="testDeleteInternalPages" time="0.223" />

      <testcase classname="simpledb.systemtest.BTreeFileDeleteTest" name="testRedistributeInternalPages" time="0.893" />

      <system-out><![CDATA[]]></system-out>

      <system-err><![CDATA[]]></system-err>

  </testsuite>
  <testsuite errors="0" failures="0" hostname="Spandanas-MacBook-Pro.local" id="17" name="BTreeFileInsertTest" package="simpledb.systemtest" skipped="0" tests="5" time="1.032" timestamp="2022-11-01T02:02:06">
      <properties>
[...]
</properties>

      <testcase classname="simpledb.systemtest.BTreeFileInsertTest" name="addDuplicateTuples" time="0.105" />

      <testcase classname="simpledb.systemtest.BTreeFileInsertTest" name="testSplitLeafPage" time="0.011" />

      <testcase classname="simpledb.systemtest.BTreeFileInsertTest" name="testSplitRootPage" time="0.774" />

      <testcase classname="simpledb.systemtest.BTreeFileInsertTest" name="testSplitInternalPage" time="0.103" />

      <testcase classname="simpledb.systemtest.BTreeFileInsertTest" name="addTuple" time="0.014" />

      <system-out><![CDATA[]]></system-out>

      <system-err><![CDATA[]]></system-err>

  </testsuite>
  <testsuite errors="0" failures="0" hostname="Spandanas-MacBook-Pro.local" id="18" name="BTreeScanTest" package="simpledb.systemtest" skipped="0" tests="4" time="0.508" timestamp="2022-11-01T02:02:08">
      <properties>
[...]
</properties>

      <testcase classname="simpledb.systemtest.BTreeScanTest" name="testSmall" time="0.423" />

      <testcase classname="simpledb.systemtest.BTreeScanTest" name="testRewind" time="0.004" />

      <testcase classname="simpledb.systemtest.BTreeScanTest" name="testRewindPredicates" time="0.006" />

      <testcase classname="simpledb.systemtest.BTreeScanTest" name="testReadPage" time="0.042" />

      <system-out><![CDATA[]]></system-out>

      <system-err><![CDATA[]]></system-err>

  </testsuite>
  <testsuite errors="0" failures="0" hostname="Spandanas-MacBook-Pro.local" id="19" name="EvictionTest" package="simpledb.systemtest" skipped="0" tests="1" time="0.392" timestamp="2022-11-01T02:02:08">
      <properties>
[...]
</properties>

      <testcase classname="simpledb.systemtest.EvictionTest" name="testHeapFileScanWithManyPages" time="0.369" />

      <system-out><![CDATA[EvictionTest creating large table
EvictionTest scanning large table
EvictionTest scan complete, testing memory usage of scan
]]></system-out>

      <system-err><![CDATA[]]></system-err>

  </testsuite>
  <testsuite errors="0" failures="0" hostname="Spandanas-MacBook-Pro.local" id="20" name="ScanTest" package="simpledb.systemtest" skipped="0" tests="3" time="0.235" timestamp="2022-11-01T02:02:09">
      <properties>
[...]
</properties>

      <testcase classname="simpledb.systemtest.ScanTest" name="testSmall" time="0.108" />

      <testcase classname="simpledb.systemtest.ScanTest" name="testRewind" time="0.001" />

      <testcase classname="simpledb.systemtest.ScanTest" name="testCache" time="0.103" />

      <system-out><![CDATA[]]></system-out>

      <system-err><![CDATA[]]></system-err>

  </testsuite>
</testsuites>
