<?xml version="1.0" encoding="UTF-8" ?>
<testsuite errors="0" failures="0" hostname="Spandanas-MacBook-Pro.local" name="simpledb.BTreeHeaderPageTest" skipped="0" tests="10" time="0.037" timestamp="2022-11-01T02:02:03">
  <properties>
[...]
</properties>
  <testcase classname="simpledb.BTreeHeaderPageTest" name="getId" time="0.004" />
  <testcase classname="simpledb.BTreeHeaderPageTest" name="getSlot" time="0.001" />
  <testcase classname="simpledb.BTreeHeaderPageTest" name="numSlots" time="0.001" />
  <testcase classname="simpledb.BTreeHeaderPageTest" name="testDirty" time="0.0" />
  <testcase classname="simpledb.BTreeHeaderPageTest" name="getPrevPageId" time="0.001" />
  <testcase classname="simpledb.BTreeHeaderPageTest" name="getNextPageId" time="0.0" />
  <testcase classname="simpledb.BTreeHeaderPageTest" name="setPrevPageId" time="0.001" />
  <testcase classname="simpledb.BTreeHeaderPageTest" name="setNextPageId" time="0.0" />
  <testcase classname="simpledb.BTreeHeaderPageTest" name="getEmptySlot" time="0.001" />
  <testcase classname="simpledb.BTreeHeaderPageTest" name="getPageData" time="0.002" />
  <system-out><![CDATA[]]></system-out>
  <system-err><![CDATA[]]></system-err>
</testsuite>
